<?xml version="1.0" encoding="UTF-8"?><testrun name="LoginRunner" project="LATAM_Screenplay" tests="4" started="4" failures="2" errors="0" ignored="0">
  <testsuite name="com.latam.certification.runners.LoginRunner" incomplete="true">
    <testsuite name="Feature: Login in LATAM" incomplete="true">
      <testcase name="successful Login in Latam" classname="Login in LATAM" time="38.413"/>
      <testcase name="UnSuccessful Login in Latam" classname="Login in LATAM" time="46.552">
        <failure>java.lang.AssertionError: wrong credentials - Expected net.serenitybdd.screenplay.QuestionSubject@3186f8f5
Expected: is &lt;true&gt;
     but: was &lt;false&gt;&#13;
	at net.serenitybdd.screenplay.ErrorTally.throwSummaryExceptionFrom(ErrorTally.java:36)&#13;
	at net.serenitybdd.screenplay.ErrorTally.reportAnyErrors(ErrorTally.java:30)&#13;
	at net.serenitybdd.screenplay.Actor.should(Actor.java:187)&#13;
	at com.latam.certification.stepdefinitions.LoginStepDefinitions.sheWillVerifyThatSheEnteredCorrectly(LoginStepDefinitions.java:74)&#13;
	at ✽.she will verify that she entered correctly(src/test/resources/features/login.feature:25)&#13;
&#13;
</failure>
      </testcase>
      <testcase name="UnSuccessful Login in Latam" classname="Login in LATAM" time="48.289">
        <failure>java.lang.AssertionError: wrong credentials - Expected net.serenitybdd.screenplay.QuestionSubject@647d3279
Expected: is &lt;true&gt;
     but: was &lt;false&gt;&#13;
	at net.serenitybdd.screenplay.ErrorTally.throwSummaryExceptionFrom(ErrorTally.java:36)&#13;
	at net.serenitybdd.screenplay.ErrorTally.reportAnyErrors(ErrorTally.java:30)&#13;
	at net.serenitybdd.screenplay.Actor.should(Actor.java:187)&#13;
	at com.latam.certification.stepdefinitions.LoginStepDefinitions.sheWillVerifyThatSheEnteredCorrectly(LoginStepDefinitions.java:74)&#13;
	at ✽.she will verify that she entered correctly(src/test/resources/features/login.feature:34)&#13;
&#13;
</failure>
      </testcase>
      <testcase name="UnSuccessful Login in Latam" classname="Login in LATAM" incomplete="true"/>
    </testsuite>
  </testsuite>
</testrun>
