<?xml version="1.0" encoding="UTF-8"?><testrun name="SelectFlightRunner" project="LATAM_Screenplay" tests="1" started="1" failures="0" errors="1" ignored="0">
  <testsuite name="com.latam.certification.runners.SelectFlightRunner" time="0.0">
    <testcase name="initializationError" classname="com.latam.certification.runners.SelectFlightRunner" time="0.0">
      <error>cucumber.runtime.CucumberException: gherkin.ParserException$CompositeParserException: Parser errors:
(31:5): inconsistent cell count within the table&#13;
	at cucumber.runtime.FeatureBuilder.parse(FeatureBuilder.java:60)&#13;
	at cucumber.runtime.model.CucumberFeature.loadFromFeaturePath(CucumberFeature.java:113)&#13;
	at cucumber.runtime.model.CucumberFeature.load(CucumberFeature.java:49)&#13;
	at cucumber.runtime.model.CucumberFeature.load(CucumberFeature.java:31)&#13;
	at cucumber.runtime.RuntimeOptions.cucumberFeatures(RuntimeOptions.java:311)&#13;
	at cucumber.api.junit.Cucumber.&lt;init&gt;(Cucumber.java:80)&#13;
	at net.serenitybdd.cucumber.CucumberWithSerenity.&lt;init&gt;(CucumberWithSerenity.java:38)&#13;
	at sun.reflect.NativeConstructorAccessorImpl.newInstance0(Native Method)&#13;
	at sun.reflect.NativeConstructorAccessorImpl.newInstance(Unknown Source)&#13;
	at sun.reflect.DelegatingConstructorAccessorImpl.newInstance(Unknown Source)&#13;
	at java.lang.reflect.Constructor.newInstance(Unknown Source)&#13;
	at org.junit.internal.builders.AnnotatedBuilder.buildRunner(AnnotatedBuilder.java:104)&#13;
	at org.junit.internal.builders.AnnotatedBuilder.runnerForClass(AnnotatedBuilder.java:86)&#13;
	at org.junit.runners.model.RunnerBuilder.safeRunnerForClass(RunnerBuilder.java:59)&#13;
	at org.junit.internal.builders.AllDefaultPossibilitiesBuilder.runnerForClass(AllDefaultPossibilitiesBuilder.java:26)&#13;
	at org.junit.runners.model.RunnerBuilder.safeRunnerForClass(RunnerBuilder.java:59)&#13;
	at org.junit.internal.requests.ClassRequest.getRunner(ClassRequest.java:33)&#13;
	at org.eclipse.jdt.internal.junit4.runner.JUnit4TestLoader.createUnfilteredTest(JUnit4TestLoader.java:87)&#13;
	at org.eclipse.jdt.internal.junit4.runner.JUnit4TestLoader.createTest(JUnit4TestLoader.java:73)&#13;
	at org.eclipse.jdt.internal.junit4.runner.JUnit4TestLoader.loadTests(JUnit4TestLoader.java:46)&#13;
	at org.eclipse.jdt.internal.junit.runner.RemoteTestRunner.runTests(RemoteTestRunner.java:522)&#13;
	at org.eclipse.jdt.internal.junit.runner.RemoteTestRunner.runTests(RemoteTestRunner.java:760)&#13;
	at org.eclipse.jdt.internal.junit.runner.RemoteTestRunner.run(RemoteTestRunner.java:460)&#13;
	at org.eclipse.jdt.internal.junit.runner.RemoteTestRunner.main(RemoteTestRunner.java:206)&#13;
Caused by: gherkin.ParserException$CompositeParserException: Parser errors:
(31:5): inconsistent cell count within the table&#13;
	at gherkin.Parser.parse(Parser.java:143)&#13;
	at gherkin.Parser.parse(Parser.java:118)&#13;
	at gherkin.Parser.parse(Parser.java:114)&#13;
	at cucumber.runtime.FeatureBuilder.parse(FeatureBuilder.java:56)&#13;
	... 23 more&#13;
&#13;
</error>
    </testcase>
  </testsuite>
</testrun>
